<?xml version="1.0" encoding="UTF-8"?>
<!-- Generated by org.testng.reporters.JUnitXMLReporter -->
<testsuite hostname="IMSNASDTO00382" name="UpdateUser" tests="1" failures="1" timestamp="23 May 2023 12:11:39 GMT" time="0.009" errors="0">
  <testcase name="User_SettingsTab" time="0.004" classname="main_infodocs.User_Settings">
    <failure type="java.lang.IllegalArgumentException" message="Driver must be set">
      <![CDATA[java.lang.IllegalArgumentException: Driver must be set
	at org.openqa.selenium.internal.Require.nonNull(Require.java:59)
	at org.openqa.selenium.interactions.Actions.<init>(Actions.java:60)
	at main_infodocs.User_Settings_main.UpdateUser(User_Settings_main.java:27)
	at main_infodocs.User_Settings.User_SettingsTab(User_Settings.java:17)
... Removed 24 stack frames]]>
    </failure>
  </testcase> <!-- User_SettingsTab -->
</testsuite> <!-- UpdateUser -->
