<?xml version="1.0" encoding="UTF-8"?>
<!-- Generated by org.testng.reporters.JUnitXMLReporter -->
<testsuite hostname="IMSNASDTO00382" ignored="0" name="Testng" tests="1" failures="1" timestamp="12 Jun 2023 12:43:14 GMT" time="10.383" errors="0">
  <testcase name="basePageNavigation" time="1.664" classname="com.cases.Login">
    <failure type="java.lang.NullPointerException">
      <![CDATA[java.lang.NullPointerException
	at com.pageObjects.Login_main.clickTestDemo(Login_main.java:98)
	at com.cases.Login.basePageNavigation(Login.java:43)
... Removed 29 stack frames]]>
    </failure>
  </testcase> <!-- basePageNavigation -->
</testsuite> <!-- Testng -->
