<?xml version="1.0" encoding="UTF-8"?>
<testsuite xmlns:xsi="http://www.w3.org/2001/XMLSchema-instance" xsi:noNamespaceSchemaLocation="https://maven.apache.org/surefire/maven-surefire-plugin/xsd/surefire-test-report-3.0.xsd" version="3.0" name="TestSuite" time="12.868" tests="1" errors="0" skipped="0" failures="1">
  <properties>
[...]
</properties>
  <testcase name="basePageNavigation[testdemo, Writer@456](1)" classname="com.cases.Login" time="1.818">
    <failure type="java.lang.NullPointerException"><![CDATA[java.lang.NullPointerException
	at com.cases.Login.basePageNavigation(Login.java:43)
]]></failure>
    <system-out><![CDATA[[TestNGContentHandler] [WARN] It is strongly recommended to add "<!DOCTYPE suite SYSTEM "http://testng.org/testng-1.0.dtd" >" at the top of your file, otherwise TestNG may fail or not work as expected.
I am in onStart Method Testng
fox
some error occured while waiting for the elementBy.xpath: /html/body/div[1]/div[1]/div[2]/div/div[2]/div/form/fieldset/div[1]/span/input
some error occured while waiting for the elementBy.cssSelector: .password
some error occured while waiting for the elementBy.xpath: /html/body/div[1]/div[1]/div[2]/div/div[2]/div/form/fieldset/div[1]/span/input
some error occured while waiting for the elementBy.cssSelector: .password
some error occured while waiting for the elementBy.cssSelector: #btnLogin
some error occured while waiting for the elementBy.xpath: //button[@class='confirm']
some error occured while waiting for the elementBy.id: btnLogin
some error occured while waiting for the elementBy.xpath: //button[@class='confirm']
some error occured while waiting for the elementBy.xpath: //li[@class='liSideMenu fademenu closed']//i[@class='icon-arrow']
some error occured while creating elementBy.xpath: //li[@class='liSideMenu fademenu closed']//i[@class='icon-arrow']
Screenshot captured for test case :basePageNavigation
]]></system-out>
    <system-err><![CDATA[1686573785419	geckodriver	INFO	Listening on 127.0.0.1:19884
1686573786153	mozrunner::runner	INFO	Running command: "C:\\Program Files\\Mozilla Firefox\\firefox.exe" "--marionette" "--remote-debugging-port" "22877" "--remote ... alhost:22877/,http://[::1]:22877/" "-no-remote" "-profile" "C:\\Users\\SHAMAL~1\\AppData\\Local\\Temp\\rust_mozprofileuwVJXF"
console.warn: services.settings: Ignoring preference override of remote settings server
console.warn: services.settings: Allow by setting MOZ_REMOTE_SETTINGS_DEVTOOLS=1 in the environment
1686573786560	Marionette	INFO	Marionette enabled
Dynamically enable window occlusion 0
1686573786563	Marionette	INFO	Listening on port 55396
Read port: 55396
WebDriver BiDi listening on ws://127.0.0.1:22877
1686573786633	RemoteAgent	WARN	TLS certificate errors will be ignored for this session
[ERROR glean_core::database] Failed to record metric 'client_id' into glean_client_info: Error { kind: Rkv(IoError(Os { code: 5, kind: PermissionDenied, message: "Access is denied." })) }
DevTools listening on ws://127.0.0.1:22877/devtools/browser/1b2d5ef7-6f88-431d-83dd-f99122d93c46
console.warn: LoginRecipes: "Falling back to a synchronous message for: https://ecm.writercorporation.com."
console.warn: LoginRecipes: "Falling back to a synchronous message for: https://ecm.writercorporation.com."
org.openqa.selenium.NoSuchElementException: Unable to locate element: //li[@class='liSideMenu fademenu closed']//i[@class='icon-arrow']
For documentation on this error, please visit: https://selenium.dev/exceptions/#no_such_element
Build info: version: '4.8.3', revision: 'e5e76298c3'
System info: os.name: 'Windows 10', os.arch: 'amd64', os.version: '10.0', java.version: '1.8.0_271'
Driver info: org.openqa.selenium.firefox.FirefoxDriver
Command: [3a2fbb0a-8cc5-469a-9d65-c68361387ffc, findElement {using=xpath, value=//li[@class='liSideMenu fademenu closed']//i[@class='icon-arrow']}]
Capabilities {acceptInsecureCerts: true, browserName: firefox, browserVersion: 114.0.1, moz:accessibilityChecks: false, moz:buildID: 20230608214645, moz:debuggerAddress: 127.0.0.1:22877, moz:geckodriverVersion: 0.33.0, moz:headless: false, moz:platformVersion: 10.0, moz:processID: 59100, moz:profile: C:\Users\SHAMAL~1\AppData\L..., moz:shutdownTimeout: 60000, moz:useNonSpecCompliantPointerOrigin: false, moz:webdriverClick: true, moz:windowless: false, pageLoadStrategy: normal, platformName: WINDOWS, proxy: Proxy(), se:cdp: ws://127.0.0.1:22877/devtoo..., se:cdpVersion: 85.0, setWindowRect: true, strictFileInteractability: false, timeouts: {implicit: 0, pageLoad: 300000, script: 30000}, unhandledPromptBehavior: dismiss and notify}
Session ID: 3a2fbb0a-8cc5-469a-9d65-c68361387ffc
	at sun.reflect.NativeConstructorAccessorImpl.newInstance0(Native Method)
	at sun.reflect.NativeConstructorAccessorImpl.newInstance(Unknown Source)
	at sun.reflect.DelegatingConstructorAccessorImpl.newInstance(Unknown Source)
	at java.lang.reflect.Constructor.newInstance(Unknown Source)
	at org.openqa.selenium.remote.codec.w3c.W3CHttpResponseCodec.createException(W3CHttpResponseCodec.java:200)
	at org.openqa.selenium.remote.codec.w3c.W3CHttpResponseCodec.decode(W3CHttpResponseCodec.java:133)
	at org.openqa.selenium.remote.codec.w3c.W3CHttpResponseCodec.decode(W3CHttpResponseCodec.java:53)
	at org.openqa.selenium.remote.HttpCommandExecutor.execute(HttpCommandExecutor.java:193)
	at org.openqa.selenium.remote.service.DriverCommandExecutor.invokeExecute(DriverCommandExecutor.java:183)
	at org.openqa.selenium.remote.service.DriverCommandExecutor.execute(DriverCommandExecutor.java:158)
	at org.openqa.selenium.remote.RemoteWebDriver.execute(RemoteWebDriver.java:543)
	at org.openqa.selenium.remote.ElementLocation$ElementFinder$2.findElement(ElementLocation.java:162)
	at org.openqa.selenium.remote.ElementLocation.findElement(ElementLocation.java:60)
	at org.openqa.selenium.remote.RemoteWebDriver.findElement(RemoteWebDriver.java:352)
	at org.openqa.selenium.remote.RemoteWebDriver.findElement(RemoteWebDriver.java:344)
	at com.base.Base.getElement(Base.java:82)
	at com.pageObjects.Login_main.getTestDemo(Login_main.java:94)
	at com.pageObjects.Login_main.clickTestDemo(Login_main.java:98)
	at com.cases.Login.basePageNavigation(Login.java:43)
	at sun.reflect.NativeMethodAccessorImpl.invoke0(Native Method)
	at sun.reflect.NativeMethodAccessorImpl.invoke(Unknown Source)
	at sun.reflect.DelegatingMethodAccessorImpl.invoke(Unknown Source)
	at java.lang.reflect.Method.invoke(Unknown Source)
	at org.testng.internal.MethodInvocationHelper.invokeMethod(MethodInvocationHelper.java:108)
	at org.testng.internal.Invoker.invokeMethod(Invoker.java:661)
	at org.testng.internal.Invoker.invokeTestMethod(Invoker.java:869)
	at org.testng.internal.Invoker.invokeTestMethods(Invoker.java:1193)
	at org.testng.internal.TestMethodWorker.invokeTestMethods(TestMethodWorker.java:126)
	at org.testng.internal.TestMethodWorker.run(TestMethodWorker.java:109)
	at org.testng.TestRunner.privateRun(TestRunner.java:744)
	at org.testng.TestRunner.run(TestRunner.java:602)
	at org.testng.SuiteRunner.runTest(SuiteRunner.java:380)
	at org.testng.SuiteRunner.runSequentially(SuiteRunner.java:375)
	at org.testng.SuiteRunner.privateRun(SuiteRunner.java:340)
	at org.testng.SuiteRunner.run(SuiteRunner.java:289)
	at org.testng.SuiteRunnerWorker.runSuite(SuiteRunnerWorker.java:52)
	at org.testng.SuiteRunnerWorker.run(SuiteRunnerWorker.java:86)
	at org.testng.TestNG.runSuitesSequentially(TestNG.java:1301)
	at org.testng.TestNG.runSuitesLocally(TestNG.java:1226)
	at org.testng.TestNG.runSuites(TestNG.java:1144)
	at org.testng.TestNG.run(TestNG.java:1115)
	at org.apache.maven.surefire.testng.TestNGExecutor.run(TestNGExecutor.java:284)
	at org.apache.maven.surefire.testng.TestNGXmlTestSuite.execute(TestNGXmlTestSuite.java:75)
	at org.apache.maven.surefire.testng.TestNGProvider.invoke(TestNGProvider.java:119)
	at org.apache.maven.surefire.booter.ForkedBooter.runSuitesInProcess(ForkedBooter.java:428)
	at org.apache.maven.surefire.booter.ForkedBooter.execute(ForkedBooter.java:162)
	at org.apache.maven.surefire.booter.ForkedBooter.run(ForkedBooter.java:562)
	at org.apache.maven.surefire.booter.ForkedBooter.main(ForkedBooter.java:548)
]]></system-err>
  </testcase>
</testsuite>