-------------------------------------------------------------------------------
Test set: TestSuite
-------------------------------------------------------------------------------
Tests run: 1, Failures: 1, Errors: 0, Skipped: 0, Time elapsed: 12.868 s <<< FAILURE! - in TestSuite
com.cases.Login.basePageNavigation[testdemo, Writer@456](1)  Time elapsed: 1.818 s  <<< FAILURE!
java.lang.NullPointerException
	at com.cases.Login.basePageNavigation(Login.java:43)

